Determining if the pthread_create exist failed with the following output:
Change Dir: /home/tim/lidar-camera-mapping/src/pointcloud_fusion/mapping_wo_ros/build/CMakeFiles/CMakeTmp

Run Build Command:"/usr/bin/make" "cmTC_fe1ad/fast"
/usr/bin/make -f CMakeFiles/cmTC_fe1ad.dir/build.make CMakeFiles/cmTC_fe1ad.dir/build
make[1]: Entering directory '/home/tim/lidar-camera-mapping/src/pointcloud_fusion/mapping_wo_ros/build/CMakeFiles/CMakeTmp'
Building C object CMakeFiles/cmTC_fe1ad.dir/CheckSymbolExists.c.o
/usr/bin/cc     -o CMakeFiles/cmTC_fe1ad.dir/CheckSymbolExists.c.o   -c /home/tim/lidar-camera-mapping/src/pointcloud_fusion/mapping_wo_ros/build/CMakeFiles/CMakeTmp/CheckSymbolExists.c
Linking C executable cmTC_fe1ad
/usr/bin/cmake -E cmake_link_script CMakeFiles/cmTC_fe1ad.dir/link.txt --verbose=1
/usr/bin/cc       CMakeFiles/cmTC_fe1ad.dir/CheckSymbolExists.c.o  -o cmTC_fe1ad -rdynamic 
CMakeFiles/cmTC_fe1ad.dir/CheckSymbolExists.c.o：在函数‘main’中：
CheckSymbolExists.c:(.text+0x16)：对‘pthread_create’未定义的引用
collect2: error: ld returned 1 exit status
CMakeFiles/cmTC_fe1ad.dir/build.make:97: recipe for target 'cmTC_fe1ad' failed
make[1]: *** [cmTC_fe1ad] Error 1
make[1]: Leaving directory '/home/tim/lidar-camera-mapping/src/pointcloud_fusion/mapping_wo_ros/build/CMakeFiles/CMakeTmp'
Makefile:126: recipe for target 'cmTC_fe1ad/fast' failed
make: *** [cmTC_fe1ad/fast] Error 2

File /home/tim/lidar-camera-mapping/src/pointcloud_fusion/mapping_wo_ros/build/CMakeFiles/CMakeTmp/CheckSymbolExists.c:
/* */
#include <pthread.h>

int main(int argc, char** argv)
{
  (void)argv;
#ifndef pthread_create
  return ((int*)(&pthread_create))[argc];
#else
  (void)argc;
  return 0;
#endif
}

Determining if the function pthread_create exists in the pthreads failed with the following output:
Change Dir: /home/tim/lidar-camera-mapping/src/pointcloud_fusion/mapping_wo_ros/build/CMakeFiles/CMakeTmp

Run Build Command:"/usr/bin/make" "cmTC_103d9/fast"
/usr/bin/make -f CMakeFiles/cmTC_103d9.dir/build.make CMakeFiles/cmTC_103d9.dir/build
make[1]: Entering directory '/home/tim/lidar-camera-mapping/src/pointcloud_fusion/mapping_wo_ros/build/CMakeFiles/CMakeTmp'
Building C object CMakeFiles/cmTC_103d9.dir/CheckFunctionExists.c.o
/usr/bin/cc    -DCHECK_FUNCTION_EXISTS=pthread_create   -o CMakeFiles/cmTC_103d9.dir/CheckFunctionExists.c.o   -c /usr/share/cmake-3.5/Modules/CheckFunctionExists.c
Linking C executable cmTC_103d9
/usr/bin/cmake -E cmake_link_script CMakeFiles/cmTC_103d9.dir/link.txt --verbose=1
/usr/bin/cc   -DCHECK_FUNCTION_EXISTS=pthread_create    CMakeFiles/cmTC_103d9.dir/CheckFunctionExists.c.o  -o cmTC_103d9 -rdynamic -lpthreads 
/usr/bin/ld: 找不到 -lpthreads
collect2: error: ld returned 1 exit status
CMakeFiles/cmTC_103d9.dir/build.make:97: recipe for target 'cmTC_103d9' failed
make[1]: *** [cmTC_103d9] Error 1
make[1]: Leaving directory '/home/tim/lidar-camera-mapping/src/pointcloud_fusion/mapping_wo_ros/build/CMakeFiles/CMakeTmp'
Makefile:126: recipe for target 'cmTC_103d9/fast' failed
make: *** [cmTC_103d9/fast] Error 2


